[INFO] Scanning for projects...
[INFO] 
[INFO] --------------------< com.example:creativebooking >---------------------
[INFO] Building  0.0.1-SNAPSHOT
[INFO]   from pom.xml
[INFO] --------------------------------[ jar ]---------------------------------
[INFO] 
[INFO] >>> spring-boot:4.0.5:run (default-cli) > test-compile @ creativebooking >>>
[INFO] 
[INFO] --- resources:3.3.1:resources (default-resources) @ creativebooking ---
[INFO] Copying 1 resource from src\main\resources to target\classes
[INFO] Copying 3 resources from src\main\resources to target\classes
[INFO] 
[INFO] --- compiler:3.14.1:compile (default-compile) @ creativebooking ---
[INFO] Nothing to compile - all classes are up to date.
[INFO] 
[INFO] --- resources:3.3.1:testResources (default-testResources) @ creativebooking ---
[INFO] skip non existing resourceDirectory C:\Users\chappa praharika\Downloads\creativebooking\creativebooking\src\test\resources
[INFO] 
[INFO] --- compiler:3.14.1:testCompile (default-testCompile) @ creativebooking ---
[INFO] Nothing to compile - all classes are up to date.
[INFO] 
[INFO] <<< spring-boot:4.0.5:run (default-cli) < test-compile @ creativebooking <<<
[INFO] 
[INFO] 
[INFO] --- spring-boot:4.0.5:run (default-cli) @ creativebooking ---
[INFO] Attaching agents: []

  .   ____          _            __ _ _
 /\\ / ___'_ __ _ _(_)_ __  __ _ \ \ \ \
( ( )\___ | '_ | '_| | '_ \/ _` | \ \ \ \
 \\/  ___)| |_)| | | | | || (_| |  ) ) ) )
  '  |____| .__|_| |_|_| |_\__, | / / / /
 =========|_|==============|___/=/_/_/_/

 :: Spring Boot ::                (v4.0.5)

2026-03-29T00:48:27.708+05:30  INFO 8980 --- [creativebooking] [           main] c.e.c.CreativebookingApplication         : Starting CreativebookingApplication using Java 25 with PID 8980 (C:\Users\chappa praharika\Downloads\creativebooking\creativebooking\target\classes started by chappa praharika in C:\Users\chappa praharika\Downloads\creativebooking\creativebooking)
2026-03-29T00:48:27.711+05:30  INFO 8980 --- [creativebooking] [           main] c.e.c.CreativebookingApplication         : No active profile set, falling back to 1 default profile: "default"
2026-03-29T00:48:28.306+05:30  INFO 8980 --- [creativebooking] [           main] .s.d.r.c.RepositoryConfigurationDelegate : Bootstrapping Spring Data JPA repositories in DEFAULT mode.
2026-03-29T00:48:28.353+05:30  INFO 8980 --- [creativebooking] [           main] .s.d.r.c.RepositoryConfigurationDelegate : Finished Spring Data repository scanning in 39 ms. Found 1 JPA repository interface.
2026-03-29T00:48:28.748+05:30  INFO 8980 --- [creativebooking] [           main] o.s.boot.tomcat.TomcatWebServer          : Tomcat initialized with port 8081 (http)
2026-03-29T00:48:28.761+05:30  INFO 8980 --- [creativebooking] [           main] o.apache.catalina.core.StandardService   : Starting service [Tomcat]
2026-03-29T00:48:28.762+05:30  INFO 8980 --- [creativebooking] [           main] o.apache.catalina.core.StandardEngine    : Starting Servlet engine: [Apache Tomcat/11.0.20]
2026-03-29T00:48:28.817+05:30  INFO 8980 --- [creativebooking] [           main] b.w.c.s.WebApplicationContextInitializer : Root WebApplicationContext: initialization completed in 1063 ms
2026-03-29T00:48:28.951+05:30  INFO 8980 --- [creativebooking] [           main] com.zaxxer.hikari.HikariDataSource       : HikariPool-1 - Starting...
2026-03-29T00:48:29.111+05:30  INFO 8980 --- [creativebooking] [           main] com.zaxxer.hikari.pool.HikariPool        : HikariPool-1 - Added connection conn0: url=jdbc:h2:mem:ce97ebb7-0227-483e-bd7d-6c93db86477c user=SA
2026-03-29T00:48:29.112+05:30  INFO 8980 --- [creativebooking] [           main] com.zaxxer.hikari.HikariDataSource       : HikariPool-1 - Start completed.
2026-03-29T00:48:29.142+05:30  INFO 8980 --- [creativebooking] [           main] org.hibernate.orm.jpa                    : HHH008540: Processing PersistenceUnitInfo [name: default]
2026-03-29T00:48:29.203+05:30  INFO 8980 --- [creativebooking] [           main] org.hibernate.orm.core                   : HHH000001: Hibernate ORM core version 7.2.7.Final
2026-03-29T00:48:29.590+05:30  INFO 8980 --- [creativebooking] [           main] o.s.o.j.p.SpringPersistenceUnitInfo      : No LoadTimeWeaver setup: ignoring JPA class transformer
2026-03-29T00:48:29.661+05:30  INFO 8980 --- [creativebooking] [           main] org.hibernate.orm.connections.pooling    : HHH10001005: Database info:
	Database JDBC URL [jdbc:h2:mem:ce97ebb7-0227-483e-bd7d-6c93db86477c]
	Database driver: H2 JDBC Driver
	Database dialect: H2Dialect
	Database version: 2.4.240
	Default catalog/schema: CE97EBB7-0227-483E-BD7D-6C93DB86477C/PUBLIC
	Autocommit mode: undefined/unknown
	Isolation level: READ_COMMITTED [default READ_COMMITTED]
	JDBC fetch size: 100
	Pool: DataSourceConnectionProvider
	Minimum pool size: undefined/unknown
	Maximum pool size: undefined/unknown
2026-03-29T00:48:30.333+05:30  INFO 8980 --- [creativebooking] [           main] org.hibernate.orm.core                   : HHH000489: No JTA platform available (set 'hibernate.transaction.jta.platform' to enable JTA platform integration)
2026-03-29T00:48:30.366+05:30  INFO 8980 --- [creativebooking] [           main] j.LocalContainerEntityManagerFactoryBean : Initialized JPA EntityManagerFactory for persistence unit 'default'
2026-03-29T00:48:30.431+05:30  INFO 8980 --- [creativebooking] [           main] o.s.d.j.r.query.QueryEnhancerFactories   : Hibernate is in classpath; If applicable, HQL parser will be used.
2026-03-29T00:48:30.595+05:30  WARN 8980 --- [creativebooking] [           main] JpaBaseConfiguration$JpaWebConfiguration : spring.jpa.open-in-view is enabled by default. Therefore, database queries may be performed during view rendering. Explicitly configure spring.jpa.open-in-view to disable this warning
2026-03-29T00:48:30.609+05:30  INFO 8980 --- [creativebooking] [           main] o.s.b.w.a.WelcomePageHandlerMapping      : Adding welcome page: class path resource [static/index.html]
2026-03-29T00:48:30.841+05:30  WARN 8980 --- [creativebooking] [           main] ConfigServletWebServerApplicationContext : Exception encountered during context initialization - cancelling refresh attempt: org.springframework.context.ApplicationContextException: Failed to start bean 'webServerStartStop'
2026-03-29T00:48:30.842+05:30  INFO 8980 --- [creativebooking] [           main] j.LocalContainerEntityManagerFactoryBean : Closing JPA EntityManagerFactory for persistence unit 'default'
2026-03-29T00:48:30.846+05:30  INFO 8980 --- [creativebooking] [           main] com.zaxxer.hikari.HikariDataSource       : HikariPool-1 - Shutdown initiated...
2026-03-29T00:48:30.848+05:30  INFO 8980 --- [creativebooking] [           main] com.zaxxer.hikari.HikariDataSource       : HikariPool-1 - Shutdown completed.
2026-03-29T00:48:30.855+05:30  INFO 8980 --- [creativebooking] [           main] .s.b.a.l.ConditionEvaluationReportLogger : 

Error starting ApplicationContext. To display the condition evaluation report re-run your application with 'debug' enabled.
2026-03-29T00:48:30.865+05:30 ERROR 8980 --- [creativebooking] [           main] o.s.b.d.LoggingFailureAnalysisReporter   : 

***************************
APPLICATION FAILED TO START
***************************

Description:

Web server failed to start. Port 8081 was already in use.

Action:

Identify and stop the process that's listening on port 8081 or configure this application to listen on another port.

[INFO] ------------------------------------------------------------------------
[INFO] BUILD FAILURE
[INFO] ------------------------------------------------------------------------
[INFO] Total time:  5.673 s
[INFO] Finished at: 2026-03-29T00:48:30+05:30
[INFO] ------------------------------------------------------------------------
[ERROR] Failed to execute goal org.springframework.boot:spring-boot-maven-plugin:4.0.5:run (default-cli) on project creativebooking: Process terminated with exit code: 1 -> [Help 1]
[ERROR] 
[ERROR] To see the full stack trace of the errors, re-run Maven with the -e switch.
[ERROR] Re-run Maven using the -X switch to enable full debug logging.
[ERROR] 
[ERROR] For more information about the errors and possible solutions, please read the following articles:
[ERROR] [Help 1] http://cwiki.apache.org/confluence/display/MAVEN/MojoExecutionException
